<?xml version='1.0' encoding='UTF-8'?>
<hotspot_log version='160 1' process='24700' time_ms='1378818068431'>
<vm_version>
<name>
Java HotSpot(TM) Client VM
</name>
<release>
20.0-b08-fastdebug
</release>
<info>
Java HotSpot(TM) Client VM (20.0-b08-fastdebug) for windows-x86 JRE (1.6.0_25-ea-fastdebug-b01), built on Jan 27 2011 15:48:46 by &quot;java_re&quot; with MS VC++ 7.1 (VS2003)
</info>
</vm_version>
<vm_arguments>
<args>
-Xms1M -Xmx1M -Dfile.encoding=UTF-8 
</args>
<command>
GcTest
</command>
<launcher>
SUN_STANDARD
</launcher>
<properties>
java.vm.specification.name=Java Virtual Machine Specification
java.vm.version=20.0-b08-fastdebug
java.vm.name=Java HotSpot(TM) Client VM
java.vm.info=mixed mode, sharing
java.ext.dirs=D:\usr\bin\jdk-6u25-ea-bin-b01-windows-i586-debug-27_jan_2011\jdk1.6.0_25\fastdebug\jre\lib\ext;C:\WINDOWS\Sun\Java\lib\ext
java.endorsed.dirs=D:\usr\bin\jdk-6u25-ea-bin-b01-windows-i586-debug-27_jan_2011\jdk1.6.0_25\fastdebug\jre\lib\endorsed
sun.boot.library.path=D:\usr\bin\jdk-6u25-ea-bin-b01-windows-i586-debug-27_jan_2011\jdk1.6.0_25\fastdebug\jre\bin
java.library.path=D:\usr\bin\jdk-6u25-ea-bin-b01-windows-i586-debug-27_jan_2011\jdk1.6.0_25\fastdebug\bin;.;C:\WINDOWS\Sun\Java\bin;C:\WINDOWS\system32;C:\WINDOWS;D:/usr/bin/jdk-6u25-ea-bin-b01-windows-i586-debug-27_jan_2011/jdk1.6.0_25/fastdebug/bin/../jre/bin/client;D:/usr/bin/jdk-6u25-ea-bin-b01-windows-i586-debug-27_jan_2011/jdk1.6.0_25/fastdebug/bin/../jre/bin;D:\usr\bin\git\git-cheetah\..\bin;D:\usr\bin\git\git-cheetah\..\bin;D:\usr\bin\Perl\Perl5.14.2\site\bin;D:\usr\bin\Perl\Perl5.14.2\bin;D:\usr\srv\mysql-proxy-0.8.2-win32-x86\mysql-proxy-0.8.2-win32-x86\bin;D:\sbin\bin;D:\sbin;D:\usr\bin;D:\usr\bin\jdk-6u25-ea-bin-b01-windows-i586-debug-27_jan_2011\jdk1.6.0_25\fastdebug\bin;D:\usr\bin\php-5.2.17-Win32-VC6-x86;D:\usr\bin\php-5.2.17-Win32-VC6-x86\ext;D:\usr\bin\init.d;D:\usr\srv\oracle\bin;C:\Program Files\Oracle\jre\1.3.1\bin;C:\Program Files\Oracle\jre\1.1.8\bin;C:\WINDOWS\system32;C:\WINDOWS;C:\WINDOWS\System32\Wbem;C:\Program Files\Common Files\Thunder Network\KanKan\Codecs;D:\usr\bin\Subversion\bin;D:\usr\bin\SecureCRT\;D:\usr\srv\mysql51\bin;D:\usr\bin\btrace-bin;D:\usr\bin\Mercurial;D:\sbin\bin;D:\usr\bin\git\cmd;D:\usr\bin\git\bin;D:\usr\bin\Microsoft Visual Studio\Common\Tools\WinNT;D:\usr\bin\Microsoft Visual Studio\Common\MSDev98\Bin;D:\usr\bin\Microsoft Visual Studio\Common\Tools;D:\usr\bin\Microsoft Visual Studio\VC98\bin
java.home=D:\usr\bin\jdk-6u25-ea-bin-b01-windows-i586-debug-27_jan_2011\jdk1.6.0_25\fastdebug\jre
Java HotSpot(TM) Client VM warning: increase O_BUFLEN in ostream.hpp -- output truncated
java.class.path=D:\home\admin\workstation\jd\Op-Exchange.jdit.com\WebContent\WEB-INF\classes;D:\sbin\eclipse-jee-galileo-win32\eclipse\plugins\org.junit4_4.5.0.v20090423\junit.jar;D:\sbin\eclipse-jee-galileo-win32\eclipse\plugins\org.hamcrest.core_1.1.0.v20090501071000.jar;D:\home\admin\workstation\jd\Op-Exchange.jdit.com\WebContent\WEB-INF\lib\WebF-BE_1.0.jar;D:\home\admin\workstation\jd\Op-Exchange.jdit.com\WebContent\WEB-INF\lib\axis.jar;D:\home\admin\workstation\jd\Op-Exchange.jdit.com\WebContent\WEB-INF\lib\commons-collections.jar;D:\home\admin\workstation\jd\Op-Exchange.jdit.com\WebContent\WEB-INF\lib\commons-dbcp.jar;D:\home\admin\workstation\jd\Op-Exchange.jdit.com\WebContent\WEB-INF\lib\commons-discovery-0.2.jar;D:\home\admin\workstation\jd\Op-Exchange.jdit.com\WebContent\WEB-INF\lib\commons-lang-2.3.jar;D:\home\admin\workstation\jd\Op-Exchange.jdit.com\WebContent\WEB-INF\lib\commons-logging.jar;D:\home\admin\workstation\jd\Op-Exchange.jdit.com\WebContent\WEB-INF\lib\commons-pool-1.5.1.jar;D:\home\admin\workstation\jd\Op-Exchange.jdit.com\WebContent\WEB-INF\lib\dom4j-1.6.1.jar;D:\home\admin\workstation\jd\Op-Exchange.jdit.com\WebContent\WEB-INF\lib\freemarker.jar;D:\home\admin\workstation\jd\Op-Exchange.jdit.com\WebContent\WEB-INF\lib\ibatis-core-3.0-sources.jar;D:\home\admin\workstation\jd\Op-Exchange.jdit.com\WebContent\WEB-INF\lib\ibatis-core-3.0.jar;D:\home\admin\workstation\jd\Op-Exchange.jdit.com\WebContent\WEB-INF\lib\javassist-3.4.GA.jar;D:\home\admin\workstation\jd\Op-Exchange.jdit.com\WebContent\WEB-INF\lib\jaxrpc.jar;D:\home\admin\workstation\jd\Op-Exchange.jdit.com\WebContent\WEB-INF\lib\jta-1.1.jar;D:\home\admin\workstation\jd\Op-Exchange.jdit.com\WebContent\WEB-INF\lib\jta26.jar;D:\home\admin\workstation\jd\Op-Exchange.jdit.com\WebContent\WEB-INF\lib\log4j-1.2.14.jar;D:\home\admin\workstation\jd\Op-Exchange.jdit.com\WebContent\WEB-INF\lib\mysql-connector-java-5.0.4-bin.jar;D:\home\admin\workstation\jd\Op-Exchange.jdit.com\WebContent\WEB-INF\
sun.boot.class.path=D:\usr\bin\jdk-6u25-ea-bin-b01-windows-i586-debug-27_jan_2011\jdk1.6.0_25\fastdebug\jre\lib\resources.jar;D:\usr\bin\jdk-6u25-ea-bin-b01-windows-i586-debug-27_jan_2011\jdk1.6.0_25\fastdebug\jre\lib\rt.jar;D:\usr\bin\jdk-6u25-ea-bin-b01-windows-i586-debug-27_jan_2011\jdk1.6.0_25\fastdebug\jre\lib\sunrsasign.jar;D:\usr\bin\jdk-6u25-ea-bin-b01-windows-i586-debug-27_jan_2011\jdk1.6.0_25\fastdebug\jre\lib\jsse.jar;D:\usr\bin\jdk-6u25-ea-bin-b01-windows-i586-debug-27_jan_2011\jdk1.6.0_25\fastdebug\jre\lib\jce.jar;D:\usr\bin\jdk-6u25-ea-bin-b01-windows-i586-debug-27_jan_2011\jdk1.6.0_25\fastdebug\jre\lib\charsets.jar;D:\usr\bin\jdk-6u25-ea-bin-b01-windows-i586-debug-27_jan_2011\jdk1.6.0_25\fastdebug\jre\lib\modules\jdk.boot.jar;D:\usr\bin\jdk-6u25-ea-bin-b01-windows-i586-debug-27_jan_2011\jdk1.6.0_25\fastdebug\jre\classes
java.vm.specification.vendor=Sun Microsystems Inc.
java.vm.specification.version=1.0
java.vm.vendor=Sun Microsystems Inc.
file.encoding=UTF-8
sun.java.command=GcTest
sun.java.launcher=SUN_STANDARD
</properties>
</vm_arguments>
<tty>
<writer thread='24968'/>
Error occurred during initialization of VM
Too small initial heap for new size specified
<tty_done stamp='0.012'/>
</tty>
<hotspot_log_done stamp='0.012'/>
</hotspot_log>
